<?xml version="1.0" encoding="UTF-8"?>
<robot generator="Rebot 4.0.1 (Python 3.9.4 on win32)" generated="20210513 09:44:53.455" rpa="false" schemaversion="2">
<suite id="s1" name="Sample-Web-Test" source="C:\Users\antwan.maddox\source\Frameworks\boilerplate-robotframework\scripts\tests\sample-web-test.robot">
<kw name="Configure Selenium" library="configs" type="SETUP">
<kw name="Set Selenium Speed" library="SeleniumLibrary">
<arg>.25 Seconds</arg>
<doc>Sets the delay that is waited after each Selenium command.</doc>
<status status="PASS" starttime="20210513 09:44:24.535" endtime="20210513 09:44:24.535"/>
</kw>
<status status="PASS" starttime="20210513 09:44:24.534" endtime="20210513 09:44:24.535"/>
</kw>
<test id="s1-t1" name="Navigate to Cards Menu">
<kw name="Open Application" library="hooks" type="SETUP">
<kw name="Comment" library="BuiltIn">
<arg>opening browser</arg>
<doc>Displays the given messages in the log file as keyword arguments.</doc>
<status status="PASS" starttime="20210513 09:44:24.536" endtime="20210513 09:44:24.536"/>
</kw>
<kw name="Open Browser" library="SeleniumLibrary">
<arg>${wwwPath}</arg>
<arg>${browser}</arg>
<doc>Opens a new browser instance to the optional ``url``.</doc>
<msg timestamp="20210513 09:44:24.537" level="INFO">Opening browser 'chrome' to base url 'http://statsroyale.com/'.</msg>
<status status="PASS" starttime="20210513 09:44:24.536" endtime="20210513 09:44:44.492"/>
</kw>
<kw name="Maximize Browser Window" library="SeleniumLibrary">
<doc>Maximizes current browser window.</doc>
<status status="PASS" starttime="20210513 09:44:44.493" endtime="20210513 09:44:45.114"/>
</kw>
<status status="PASS" starttime="20210513 09:44:24.536" endtime="20210513 09:44:45.115"/>
</kw>
<kw name="Comment" library="BuiltIn">
<arg>Click cards menu</arg>
<doc>Displays the given messages in the log file as keyword arguments.</doc>
<status status="PASS" starttime="20210513 09:44:45.116" endtime="20210513 09:44:45.117"/>
</kw>
<kw name="Navigate to Cards Page" library="HomePage">
<kw name="Click Link" library="SeleniumLibrary">
<arg>${link_menuCard}</arg>
<doc>Clicks a link identified by ``locator``.</doc>
<msg timestamp="20210513 09:44:45.118" level="INFO">Clicking link 'xpath://a[@href="/cards"]'.</msg>
<status status="PASS" starttime="20210513 09:44:45.118" endtime="20210513 09:44:48.413"/>
</kw>
<status status="PASS" starttime="20210513 09:44:45.117" endtime="20210513 09:44:48.414"/>
</kw>
<kw name="Capture Failure" library="hooks" type="TEARDOWN">
<kw name="Capture Page Screenshot" library="SeleniumLibrary">
<doc>Takes a screenshot of the current page and embeds it into a log file.</doc>
<msg timestamp="20210513 09:44:49.356" level="INFO" html="true">&lt;/td&gt;&lt;/tr&gt;&lt;tr&gt;&lt;td colspan="3"&gt;&lt;a href="0-selenium-screenshot-1.png"&gt;&lt;img src="0-selenium-screenshot-1.png" width="800px"&gt;&lt;/a&gt;</msg>
<status status="PASS" starttime="20210513 09:44:48.415" endtime="20210513 09:44:49.356"/>
</kw>
<kw name="Close Browser" library="SeleniumLibrary">
<doc>Closes the current browser.</doc>
<status status="PASS" starttime="20210513 09:44:49.357" endtime="20210513 09:44:53.162"/>
</kw>
<status status="PASS" starttime="20210513 09:44:48.414" endtime="20210513 09:44:53.163"/>
</kw>
<tag>regression</tag>
<status status="PASS" starttime="20210513 09:44:24.535" endtime="20210513 09:44:53.163"/>
</test>
<kw name="Exit Application" library="hooks" type="TEARDOWN">
<kw name="Capture Page Screenshot" library="SeleniumLibrary">
<doc>Takes a screenshot of the current page and embeds it into a log file.</doc>
<msg timestamp="20210513 09:44:53.164" level="INFO">Cannot capture screenshot because no browser is open.</msg>
<status status="PASS" starttime="20210513 09:44:53.164" endtime="20210513 09:44:53.164"/>
</kw>
<kw name="Close Browser" library="SeleniumLibrary">
<doc>Closes the current browser.</doc>
<status status="PASS" starttime="20210513 09:44:53.164" endtime="20210513 09:44:53.164"/>
</kw>
<status status="PASS" starttime="20210513 09:44:53.164" endtime="20210513 09:44:53.164"/>
</kw>
<doc>An example test case.</doc>
<status status="PASS" starttime="20210513 09:44:24.192" endtime="20210513 09:44:53.165"/>
</suite>
<statistics>
<total>
<stat pass="1" fail="0" skip="0">All Tests</stat>
</total>
<tag>
<stat pass="1" fail="0" skip="0">regression</stat>
</tag>
<suite>
<stat pass="1" fail="0" skip="0" id="s1" name="Sample-Web-Test">Sample-Web-Test</stat>
</suite>
</statistics>
<errors>
<msg timestamp="20210513 09:44:24.529" level="WARN">Imported resource file 'C:\Users\antwan.maddox\source\Frameworks\boilerplate-robotframework\scripts\PageObjects\Common\CommonPage.robot' is empty.</msg>
</errors>
</robot>
