<?xml version="1.0" encoding="UTF-8"?>
<robot generator="Rebot 4.0.1 (Python 3.9.4 on win32)" generated="20210521 15:32:00.362" rpa="false" schemaversion="2">
<suite id="s1" name="sample-GET-test" source="C:\Users\antwan.maddox\source\Frameworks\boilerplate-robotframework\Tests\api\sample-GET-test.robot">
<test id="s1-t1" name="Ping Google">
<kw name="Comment" library="BuiltIn">
<arg>first test</arg>
<doc>Displays the given messages in the log file as keyword arguments.</doc>
<status status="PASS" starttime="20210521 15:31:59.624" endtime="20210521 15:31:59.625"/>
</kw>
<kw name="Create Session" library="RequestsLibrary">
<arg>myssion</arg>
<arg>${uriPath}</arg>
<doc>Create Session: create a HTTP session to a server</doc>
<msg timestamp="20210521 15:31:59.625" level="INFO">Creating Session using : alias=myssion, url=http://www.google.com, headers={},                     cookies={}, auth=None, timeout=None, proxies=None, verify=False,                     debug=0 </msg>
<status status="PASS" starttime="20210521 15:31:59.625" endtime="20210521 15:31:59.625"/>
</kw>
<kw name="Get On Session" library="RequestsLibrary">
<var>${resp}</var>
<arg>myssion</arg>
<arg>search</arg>
<arg>params=ciao</arg>
<doc>Sends a GET request on a previously created HTTP Session.</doc>
<msg timestamp="20210521 15:32:00.035" level="INFO">GET Request : url=http://www.google.com/search?ciao (redirected) 
 path_url=/search?ciao 
 headers={'User-Agent': 'python-requests/2.25.1', 'Accept-Encoding': 'gzip, deflate', 'Accept': '*/*', 'Connection': 'keep-alive'} 
 body=None 
 </msg>
<msg timestamp="20210521 15:32:00.036" level="INFO">GET Response : url=http://www.google.com/webhp 
 status=200, reason=OK 
 headers={'Date': 'Fri, 21 May 2021 19:33:16 GMT', 'Expires': '-1', 'Cache-Control': 'private, max-age=0', 'Content-Type': 'text/html; charset=ISO-8859-1', 'P3P': 'CP="This is not a P3P policy! See g.co/p3phelp for more info."', 'Content-Encoding': 'gzip', 'Server': 'gws', 'Content-Length': '5689', 'X-XSS-Protection': '0', 'X-Frame-Options': 'SAMEORIGIN', 'Set-Cookie': '1P_JAR=2021-05-21-19; expires=Sun, 20-Jun-2021 19:33:16 GMT; path=/; domain=.google.com; Secure, NID=216=Luez5MUbPCKzrIvdi_jU3Naj0zkjIdIICNWo_pjRHSqsiXLRxJwPzz5I1ltbRWSVfGnAxH2hv1HJqjD3ITHG89IUzxw3K0_cgwMAczdLeQd0Bwr9K5EnstpCwgTTBBVE_LF-JtXlXn_9p_yY4m2DiJuBwAmcck9wWLJ951wrsJw; expires=Sat, 20-Nov-2021 19:33:16 GMT; path=/; domain=.google.com; HttpOnly'} 
 body=&lt;!doctype html&gt;&lt;html itemscope="" itemtype="http://schema.org/WebPage" lang="en"&gt;&lt;head&gt;&lt;meta content="Search the world's information, including webpages, images, videos and more. Google has many special features to help you find exactly what you're looking for." name="description"&gt;&lt;meta content="noodp" name="robots"&gt;&lt;meta content="text/html; charset=UTF-8" http-equiv="Content-Type"&gt;&lt;meta content="/images/branding/googleg/1x/googleg_standard_color_128dp.png" itemprop="image"&gt;&lt;title&gt;Google&lt;/title&gt;&lt;script nonce="GE6AdUi07kOzZ90S3FI2wA=="&gt;(function(){window.google={kEI:'_AqoYPy0Btmv5NoP26uHkAY',kEXPI:'0,18168,754047,1,6543,523777,56873,954,5104,207,4804,2316,383,246,5,1354,4936,315,1122515,1197710,542,31,77,328907,51223,16115,19397,9287,17572,4859,1361,284,9007,3021,4746,12841,4020,978,13227,2055,1793,4192,6430,1142,13386,234,4282,2778,919,5081,887,706,1279,1042,1170,239,291,149,1103,840,517,1466,214,4100,3514,606,2024,2296,14670,3227,2845,7,4774,7580,5096,7877,4928,108,1483,1924,908,2,941,5011,7468,1,2844,432,3,346,1244,1,820,1,4623,149,5990,5333,2652,4,1528,2304,1236,832,4394,577,74,1717,266,2626,2015,4067,7055,379,2110,1714,3050,2658,4243,518,912,1683,31,3854,9774,2305,638,37,1457,5586,3772,5993,770,665,2145,3670,2542,4094,20,3118,6,908,3,3541,1,5349,6593,2768,1,1814,282,38,874,60,5932,1260,5494,432,552,4788,2,1394,756,769,8,1,1272,711,1004,2,2410,625,22,2015,3246,894,627,4,32,4,58,475,338,1133,239,2,149,2792,201,4,608,2,73,25,149,268,342,255,55,4,434,354,2,1097,924,95,28,167,118,2016,1274,2161,2011,406,45,86,1919,297,201,1149,564,904,864,494,2,1,2,821,107,284,650,349,230,357,231,15,3,12,201,675,1160,835,1372,306,12,546,3042,3,247,34,516,1189,39,93,186,477,499,4,680,343,1,19,212,1499,540,825,27,3,1035,107,926,3,13,22,137,2,113,496,2719,1435,169,5642646,2031,99,84,43,63,152,3,5996917,2800650,882,444,1,2,80,1,1796,1,9,2,2551,1,748,141,801,557,1,4265,1,1,2,1331,3299,843,1,2608,155,17,13,72,139,4,2,20,2,169,13,19,46,5,39,96,284,4,4,4,4,4,4,8,4,4,4,24,196,29,2,2,1,2,1,2,2,7,4,1,2,2,2,2,2,2,276,80,130,75,60,17,11,9,3,4,23955564,2770167,1240106,268,1678,25122,579,2,918,2,203,7,2167,3,467,3,287',kBL:'B3X6'};google.sn='webhp';google.kHL='en';})();(function(){
var f,h=[];function k(a){for(var b;a&amp;&amp;(!a.getAttribute||!(b=a.getAttribute("eid")));)a=a.parentNode;return b||f}function l(a){for(var b=null;a&amp;&amp;(!a.getAttribute||!(b=a.getAttribute("leid")));)a=a.parentNode;return b}
function m(a,b,c,d,g){var e="";c||-1!=b.search("&amp;ei=")||(e="&amp;ei="+k(d),-1==b.search("&amp;lei=")&amp;&amp;(d=l(d))&amp;&amp;(e+="&amp;lei="+d));d="";!c&amp;&amp;window._cshid&amp;&amp;-1==b.search("&amp;cshid=")&amp;&amp;"slh"!=a&amp;&amp;(d="&amp;cshid="+window._cshid);c=c||"/"+(g||"gen_204")+"?atyp=i&amp;ct="+a+"&amp;cad="+b+e+"&amp;zx="+Date.now()+d;/^http:/i.test(c)&amp;&amp;"https:"==window.location.protocol&amp;&amp;(google.ml&amp;&amp;google.ml(Error("a"),!1,{src:c,glmm:1}),c="");return c};f=google.kEI;google.getEI=k;google.getLEI=l;google.ml=function(){return null};google.log=function(a,b,c,d,g){if(c=m(a,b,c,d,g)){a=new Image;var e=h.length;h[e]=a;a.onerror=a.onload=a.onabort=function(){delete h[e]};a.src=c}};google.logUrl=m;}).call(this);(function(){
google.y={};google.sy=[];google.x=function(a,b){if(a)var c=a.id;else{do c=Math.random();while(google.y[c])}google.y[c]=[a,b];return!1};google.sx=function(a){google.sy.push(a)};google.lm=[];google.plm=function(a){google.lm.push.apply(google.lm,a)};google.lq=[];google.load=function(a,b,c){google.lq.push([[a],b,c])};google.loadAll=function(a,b){google.lq.push([a,b])};google.bx=!1;google.lx=function(){};}).call(this);google.f={};(function(){
document.documentElement.addEventListener("submit",function(b){var a;if(a=b.target){var c=a.getAttribute("data-submitfalse");a="1"==c||"q"==c&amp;&amp;!a.elements.q.value?!0:!1}else a=!1;a&amp;&amp;(b.preventDefault(),b.stopPropagation())},!0);document.documentElement.addEventListener("click",function(b){var a;a:{for(a=b.target;a&amp;&amp;a!=document.documentElement;a=a.parentElement)if("A"==a.tagName){a="1"==a.getAttribute("data-nohref");break a}a=!1}a&amp;&amp;b.preventDefault()},!0);}).call(this);&lt;/script&gt;&lt;style&gt;#gbar,#guser{font-size:13px;padding-top:1px !important;}#gbar{height:22px}#guser{padding-bottom:7px !important;text-align:right}.gbh,.gbd{border-top:1px solid #c9d7f1;font-size:1px}.gbh{height:0;position:absolute;top:24px;width:100%}@media all{.gb1{height:22px;margin-right:.5em;vertical-align:top}#gbar{float:left}}a.gb1,a.gb4{text-decoration:underline !important}a.gb1,a.gb4{color:#00c !important}.gbi .gb4{color:#dd8e27 !important}.gbf .gb4{color:#900 !important}
&lt;/style&gt;&lt;style&gt;body,td,a,p,.h{font-family:arial,sans-serif}body{margin:0;overflow-y:scroll}#gog{padding:3px 8px 0}td{line-height:.8em}.gac_m td{line-height:17px}form{margin-bottom:20px}.h{color:#1558d6}em{font-weight:bold;font-style:normal}.lst{height:25px;width:496px}.gsfi,.lst{font:18px arial,sans-serif}.gsfs{font:17px arial,sans-serif}.ds{display:inline-box;display:inline-block;margin:3px 0 4px;margin-left:4px}input{font-family:inherit}body{background:#fff;color:#000}a{color:#4b11a8;text-decoration:none}a:hover,a:active{text-decoration:underline}.fl a{color:#1558d6}a:visited{color:#4b11a8}.sblc{padding-top:5px}.sblc a{display:block;margin:2px 0;margin-left:13px;font-size:11px}.lsbb{background:#f8f9fa;border:solid 1px;border-color:#dadce0 #70757a #70757a #dadce0;height:30px}.lsbb{display:block}#WqQANb a{display:inline-block;margin:0 12px}.lsb{background:url(/images/nav_logo229.png) 0 -261px repeat-x;border:none;color:#000;cursor:pointer;height:30px;margin:0;outline:0;font:15px arial,sans-serif;vertical-align:top}.lsb:active{background:#dadce0}.lst:focus{outline:none}&lt;/style&gt;&lt;script nonce="GE6AdUi07kOzZ90S3FI2wA=="&gt;&lt;/script&gt;&lt;/head&gt;&lt;body bgcolor="#fff"&gt;&lt;script nonce="GE6AdUi07kOzZ90S3FI2wA=="&gt;(function(){var src='/images/nav_logo229.png';var iesg=false;document.body.onload = function(){window.n &amp;&amp; window.n();if (document.images){new Image().src=src;}
if (!iesg){document.f&amp;&amp;document.f.q.focus();document.gbqf&amp;&amp;document.gbqf.q.focus();}
}
})();&lt;/script&gt;&lt;div id="mngb"&gt;&lt;div id=gbar&gt;&lt;nobr&gt;&lt;b class=gb1&gt;Search&lt;/b&gt; &lt;a class=gb1 href="http://www.google.com/imghp?hl=en&amp;tab=wi"&gt;Images&lt;/a&gt; &lt;a class=gb1 href="http://maps.google.com/maps?hl=en&amp;tab=wl"&gt;Maps&lt;/a&gt; &lt;a class=gb1 href="https://play.google.com/?hl=en&amp;tab=w8"&gt;Play&lt;/a&gt; &lt;a class=gb1 href="http://www.youtube.com/?gl=US&amp;tab=w1"&gt;YouTube&lt;/a&gt; &lt;a class=gb1 href="https://news.google.com/?tab=wn"&gt;News&lt;/a&gt; &lt;a class=gb1 href="https://mail.google.com/mail/?tab=wm"&gt;Gmail&lt;/a&gt; &lt;a class=gb1 href="https://drive.google.com/?tab=wo"&gt;Drive&lt;/a&gt; &lt;a class=gb1 style="text-decoration:none" href="https://www.google.com/intl/en/about/products?tab=wh"&gt;&lt;u&gt;More&lt;/u&gt; &amp;raquo;&lt;/a&gt;&lt;/nobr&gt;&lt;/div&gt;&lt;div id=guser width=100%&gt;&lt;nobr&gt;&lt;span id=gbn class=gbi&gt;&lt;/span&gt;&lt;span id=gbf class=gbf&gt;&lt;/span&gt;&lt;span id=gbe&gt;&lt;/span&gt;&lt;a href="http://www.google.com/history/optout?hl=en" class=gb4&gt;Web History&lt;/a&gt; | &lt;a  href="/preferences?hl=en" class=gb4&gt;Settings&lt;/a&gt; | &lt;a target=_top id=gb_70 href="https://accounts.google.com/ServiceLogin?hl=en&amp;passive=true&amp;continue=http://www.google.com/webhp&amp;ec=GAZAAQ" class=gb4&gt;Sign in&lt;/a&gt;&lt;/nobr&gt;&lt;/div&gt;&lt;div class=gbh style=left:0&gt;&lt;/div&gt;&lt;div class=gbh style=right:0&gt;&lt;/div&gt;&lt;/div&gt;&lt;center&gt;&lt;br clear="all" id="lgpd"&gt;&lt;div id="lga"&gt;&lt;img alt="Google" height="92" src="/images/branding/googlelogo/1x/googlelogo_white_background_color_272x92dp.png" style="padding:28px 0 14px" width="272" id="hplogo"&gt;&lt;br&gt;&lt;br&gt;&lt;/div&gt;&lt;form action="/search" name="f"&gt;&lt;table cellpadding="0" cellspacing="0"&gt;&lt;tr valign="top"&gt;&lt;td width="25%"&gt;&amp;nbsp;&lt;/td&gt;&lt;td align="center" nowrap=""&gt;&lt;input name="ie" value="ISO-8859-1" type="hidden"&gt;&lt;input value="en" name="hl" type="hidden"&gt;&lt;input name="source" type="hidden" value="hp"&gt;&lt;input name="biw" type="hidden"&gt;&lt;input name="bih" type="hidden"&gt;&lt;div class="ds" style="height:32px;margin:4px 0"&gt;&lt;input class="lst" style="margin:0;padding:5px 8px 0 6px;vertical-align:top;color:#000" autocomplete="off" value="" title="Google Search" maxlength="2048" name="q" size="57"&gt;&lt;/div&gt;&lt;br style="line-height:0"&gt;&lt;span class="ds"&gt;&lt;span class="lsbb"&gt;&lt;input class="lsb" value="Google Search" name="btnG" type="submit"&gt;&lt;/span&gt;&lt;/span&gt;&lt;span class="ds"&gt;&lt;span class="lsbb"&gt;&lt;input class="lsb" id="tsuid1" value="I'm Feeling Lucky" name="btnI" type="submit"&gt;&lt;script nonce="GE6AdUi07kOzZ90S3FI2wA=="&gt;(function(){var id='tsuid1';document.getElementById(id).onclick = function(){if (this.form.q.value){this.checked = 1;if (this.form.iflsig)this.form.iflsig.disabled = false;}
else top.location='/doodles/';};})();&lt;/script&gt;&lt;input value="AINFCbYAAAAAYKgZDEaLWLEHg6gF-lbhrwfsEJtdsnI5" name="iflsig" type="hidden"&gt;&lt;/span&gt;&lt;/span&gt;&lt;/td&gt;&lt;td class="fl sblc" align="left" nowrap="" width="25%"&gt;&lt;a href="/advanced_search?hl=en&amp;amp;authuser=0"&gt;Advanced search&lt;/a&gt;&lt;/td&gt;&lt;/tr&gt;&lt;/table&gt;&lt;input id="gbv" name="gbv" type="hidden" value="1"&gt;&lt;script nonce="GE6AdUi07kOzZ90S3FI2wA=="&gt;(function(){
var a,b="1";if(document&amp;&amp;document.getElementById)if("undefined"!=typeof XMLHttpRequest)b="2";else if("undefined"!=typeof ActiveXObject){var c,d,e=["MSXML2.XMLHTTP.6.0","MSXML2.XMLHTTP.3.0","MSXML2.XMLHTTP","Microsoft.XMLHTTP"];for(c=0;d=e[c++];)try{new ActiveXObject(d),b="2"}catch(h){}}a=b;if("2"==a&amp;&amp;-1==location.search.indexOf("&amp;gbv=2")){var f=google.gbvu,g=document.getElementById("gbv");g&amp;&amp;(g.value=a);f&amp;&amp;window.setTimeout(function(){location.href=f},0)};}).call(this);&lt;/script&gt;&lt;/form&gt;&lt;div id="gac_scont"&gt;&lt;/div&gt;&lt;div style="font-size:83%;min-height:3.5em"&gt;&lt;br&gt;&lt;/div&gt;&lt;span id="footer"&gt;&lt;div style="font-size:10pt"&gt;&lt;div style="margin:19px auto;text-align:center" id="WqQANb"&gt;&lt;a href="/intl/en/ads/"&gt;Advertising Programs&lt;/a&gt;&lt;a href="/services/"&gt;Business Solutions&lt;/a&gt;&lt;a href="/intl/en/about.html"&gt;About Google&lt;/a&gt;&lt;/div&gt;&lt;/div&gt;&lt;p style="font-size:8pt;color:#70757a"&gt;&amp;copy; 2021 - &lt;a href="/intl/en/policies/privacy/"&gt;Privacy&lt;/a&gt; - &lt;a href="/intl/en/policies/terms/"&gt;Terms&lt;/a&gt;&lt;/p&gt;&lt;/span&gt;&lt;/center&gt;&lt;script nonce="GE6AdUi07kOzZ90S3FI2wA=="&gt;(function(){window.google.cdo={height:0,width:0};(function(){
var a=window.innerWidth,b=window.innerHeight;if(!a||!b){var c=window.document,d="CSS1Compat"==c.compatMode?c.documentEle... (set the log level to DEBUG or TRACE to see the full content) 
 </msg>
<msg timestamp="20210521 15:32:00.037" level="INFO">${resp} = &lt;Response [200]&gt;</msg>
<status status="PASS" starttime="20210521 15:31:59.625" endtime="20210521 15:32:00.037"/>
</kw>
<kw name="Convert To String" library="BuiltIn">
<var>${actual_code}</var>
<arg>${resp.status_code}</arg>
<doc>Converts the given item to a Unicode string.</doc>
<msg timestamp="20210521 15:32:00.040" level="INFO">${actual_code} = 200</msg>
<status status="PASS" starttime="20210521 15:32:00.038" endtime="20210521 15:32:00.040"/>
</kw>
<kw name="Should Be Equal" library="BuiltIn">
<arg>${actual_code}</arg>
<arg>200</arg>
<doc>Fails if the given objects are unequal.</doc>
<status status="PASS" starttime="20210521 15:32:00.040" endtime="20210521 15:32:00.041"/>
</kw>
<tag>smoke</tag>
<status status="PASS" starttime="20210521 15:31:59.623" endtime="20210521 15:32:00.041"/>
</test>
<doc>An example Rest API test case.</doc>
<status status="PASS" starttime="20210521 15:31:59.084" endtime="20210521 15:32:00.042"/>
</suite>
<statistics>
<total>
<stat pass="1" fail="0" skip="0">All Tests</stat>
</total>
<tag>
<stat pass="1" fail="0" skip="0">smoke</stat>
</tag>
<suite>
<stat pass="1" fail="0" skip="0" id="s1" name="sample-GET-test">sample-GET-test</stat>
</suite>
</statistics>
<errors>
</errors>
</robot>
