<?xml version="1.0" encoding="UTF-8"?>
<robot generator="Robot 4.0.1 (Python 3.9.4 on win32)" generated="20210521 15:26:11.032" rpa="false" schemaversion="2">
<suite id="s1" name="Sample-Web-Test" source="C:\Users\antwan.maddox\source\Frameworks\boilerplate-robotframework\Tests\web\sample-web-test.robot">
<kw name="Configure Selenium" library="configs" type="SETUP">
<kw name="Set Selenium Speed" library="SeleniumLibrary">
<arg>.25 Seconds</arg>
<doc>Sets the delay that is waited after each Selenium command.</doc>
<status status="PASS" starttime="20210521 15:26:11.713" endtime="20210521 15:26:11.714"/>
</kw>
<status status="PASS" starttime="20210521 15:26:11.712" endtime="20210521 15:26:11.714"/>
</kw>
<test id="s1-t1" name="Should contain 'Invoice Manager'">
<kw name="Open Application" library="hooks" type="SETUP">
<kw name="Run Keyword If" library="BuiltIn">
<arg>'${browser}'== 'All'</arg>
<arg>Open Multiple Browsers</arg>
<arg>ELSE IF</arg>
<arg>'${browser}'== ''</arg>
<arg>Open Multiple Browsers</arg>
<arg>ELSE</arg>
<arg>Open Single Browser</arg>
<doc>Runs the given keyword with the given arguments, if ``condition`` is true.</doc>
<kw name="Open Single Browser" library="hooks">
<kw name="Comment" library="BuiltIn">
<arg>opening single browser</arg>
<doc>Displays the given messages in the log file as keyword arguments.</doc>
<status status="PASS" starttime="20210521 15:26:11.719" endtime="20210521 15:26:11.719"/>
</kw>
<kw name="Open Browser" library="SeleniumLibrary">
<arg>${wwwPath}</arg>
<arg>${browser}</arg>
<doc>Opens a new browser instance to the optional ``url``.</doc>
<msg timestamp="20210521 15:26:11.720" level="INFO">Opening browser 'chrome' to base url 'http://www.soccer.com'.</msg>
<status status="PASS" starttime="20210521 15:26:11.719" endtime="20210521 15:26:23.344"/>
</kw>
<kw name="Maximize Browser Window" library="SeleniumLibrary">
<doc>Maximizes current browser window.</doc>
<status status="PASS" starttime="20210521 15:26:23.344" endtime="20210521 15:26:28.318"/>
</kw>
<status status="PASS" starttime="20210521 15:26:11.718" endtime="20210521 15:26:28.318"/>
</kw>
<status status="PASS" starttime="20210521 15:26:11.717" endtime="20210521 15:26:28.319"/>
</kw>
<status status="PASS" starttime="20210521 15:26:11.716" endtime="20210521 15:26:28.319"/>
</kw>
<kw name="Comment" library="BuiltIn">
<arg>first test</arg>
<doc>Displays the given messages in the log file as keyword arguments.</doc>
<status status="PASS" starttime="20210521 15:26:28.320" endtime="20210521 15:26:28.321"/>
</kw>
<kw name="Page Should Contain" library="SeleniumLibrary">
<arg>Invoice Manager</arg>
<doc>Verifies that current page contains ``text``.</doc>
<msg timestamp="20210521 15:26:39.895" level="INFO" html="true">&lt;/td&gt;&lt;/tr&gt;&lt;tr&gt;&lt;td colspan="3"&gt;&lt;a href="selenium-screenshot-1.png"&gt;&lt;img src="selenium-screenshot-1.png" width="800px"&gt;&lt;/a&gt;</msg>
<msg timestamp="20210521 15:26:39.899" level="FAIL">Page should have contained text 'Invoice Manager' but did not.</msg>
<status status="FAIL" starttime="20210521 15:26:28.321" endtime="20210521 15:26:39.899"/>
</kw>
<kw name="Capture Failure" library="hooks" type="TEARDOWN">
<kw name="Capture Page Screenshot" library="SeleniumLibrary">
<doc>Takes a screenshot of the current page and embeds it into a log file.</doc>
<msg timestamp="20210521 15:26:41.217" level="INFO" html="true">&lt;/td&gt;&lt;/tr&gt;&lt;tr&gt;&lt;td colspan="3"&gt;&lt;a href="selenium-screenshot-2.png"&gt;&lt;img src="selenium-screenshot-2.png" width="800px"&gt;&lt;/a&gt;</msg>
<status status="PASS" starttime="20210521 15:26:39.900" endtime="20210521 15:26:41.217"/>
</kw>
<kw name="Close Browser" library="SeleniumLibrary">
<doc>Closes the current browser.</doc>
<status status="PASS" starttime="20210521 15:26:41.217" endtime="20210521 15:26:43.963"/>
</kw>
<status status="PASS" starttime="20210521 15:26:39.899" endtime="20210521 15:26:43.964"/>
</kw>
<tag>smoke</tag>
<status status="FAIL" starttime="20210521 15:26:11.714" endtime="20210521 15:26:43.964">Page should have contained text 'Invoice Manager' but did not.</status>
</test>
<test id="s1-t2" name="Should contain 'Cards'">
<kw name="Open Application" library="hooks" type="SETUP">
<kw name="Run Keyword If" library="BuiltIn">
<arg>'${browser}'== 'All'</arg>
<arg>Open Multiple Browsers</arg>
<arg>ELSE IF</arg>
<arg>'${browser}'== ''</arg>
<arg>Open Multiple Browsers</arg>
<arg>ELSE</arg>
<arg>Open Single Browser</arg>
<doc>Runs the given keyword with the given arguments, if ``condition`` is true.</doc>
<kw name="Open Single Browser" library="hooks">
<kw name="Comment" library="BuiltIn">
<arg>opening single browser</arg>
<doc>Displays the given messages in the log file as keyword arguments.</doc>
<status status="PASS" starttime="20210521 15:26:43.967" endtime="20210521 15:26:43.967"/>
</kw>
<kw name="Open Browser" library="SeleniumLibrary">
<arg>${wwwPath}</arg>
<arg>${browser}</arg>
<doc>Opens a new browser instance to the optional ``url``.</doc>
<msg timestamp="20210521 15:26:43.968" level="INFO">Opening browser 'chrome' to base url 'http://www.soccer.com'.</msg>
<status status="PASS" starttime="20210521 15:26:43.968" endtime="20210521 15:26:58.708"/>
</kw>
<kw name="Maximize Browser Window" library="SeleniumLibrary">
<doc>Maximizes current browser window.</doc>
<errors>
<msg timestamp="20210521 15:27:03.627" level="ERROR">Execution stopped by user.</msg>
</errors>
</robot>
