<?xml version="1.0" encoding="UTF-8"?>
<robot generator="Rebot 4.0.1 (Python 3.9.4 on win32)" generated="20210506 14:09:33.617" rpa="false" schemaversion="2">
<suite id="s1" name="Sample-Web-Test" source="C:\Users\antwan.maddox\source\Frameworks\boilerplate-robotframework\scripts\sample-web-test.robot">
<kw name="Configure Selenium" library="configs" type="SETUP">
<kw name="Set Selenium Speed" library="SeleniumLibrary">
<arg>.25 Seconds</arg>
<doc>Sets the delay that is waited after each Selenium command.</doc>
<status status="PASS" starttime="20210506 14:08:57.959" endtime="20210506 14:08:57.959"/>
</kw>
<status status="PASS" starttime="20210506 14:08:57.958" endtime="20210506 14:08:57.959"/>
</kw>
<test id="s1-t1" name="Navigate to Cards Menu">
<kw name="Open Application" library="hooks" type="SETUP">
<kw name="Comment" library="BuiltIn">
<arg>opening browser</arg>
<doc>Displays the given messages in the log file as keyword arguments.</doc>
<status status="PASS" starttime="20210506 14:08:57.960" endtime="20210506 14:08:57.960"/>
</kw>
<kw name="Open Browser" library="SeleniumLibrary">
<arg>${wwwPath}</arg>
<arg>${browser}</arg>
<doc>Opens a new browser instance to the optional ``url``.</doc>
<msg timestamp="20210506 14:08:57.961" level="INFO">Opening browser 'chrome' to base url 'http://statsroyale.com/'.</msg>
<status status="PASS" starttime="20210506 14:08:57.960" endtime="20210506 14:09:23.151"/>
</kw>
<kw name="Maximize Browser Window" library="SeleniumLibrary">
<doc>Maximizes current browser window.</doc>
<status status="PASS" starttime="20210506 14:09:23.151" endtime="20210506 14:09:24.134"/>
</kw>
<status status="PASS" starttime="20210506 14:08:57.960" endtime="20210506 14:09:24.135"/>
</kw>
<kw name="Comment" library="BuiltIn">
<arg>Click cards menu</arg>
<doc>Displays the given messages in the log file as keyword arguments.</doc>
<status status="PASS" starttime="20210506 14:09:24.135" endtime="20210506 14:09:24.135"/>
</kw>
<kw name="Navigate to Cards Page" library="HomePage">
<kw name="Click Link" library="SeleniumLibrary">
<arg>${link_menuCard}</arg>
<doc>Clicks a link identified by ``locator``.</doc>
<msg timestamp="20210506 14:09:24.136" level="INFO">Clicking link 'xpath://a[@href="/cards"]'.</msg>
<status status="PASS" starttime="20210506 14:09:24.136" endtime="20210506 14:09:29.610"/>
</kw>
<status status="PASS" starttime="20210506 14:09:24.136" endtime="20210506 14:09:29.610"/>
</kw>
<kw name="Capture Failure" library="hooks" type="TEARDOWN">
<kw name="Capture Page Screenshot" library="SeleniumLibrary">
<doc>Takes a screenshot of the current page and embeds it into a log file.</doc>
<msg timestamp="20210506 14:09:30.730" level="INFO" html="true">&lt;/td&gt;&lt;/tr&gt;&lt;tr&gt;&lt;td colspan="3"&gt;&lt;a href="0-selenium-screenshot-1.png"&gt;&lt;img src="0-selenium-screenshot-1.png" width="800px"&gt;&lt;/a&gt;</msg>
<status status="PASS" starttime="20210506 14:09:29.612" endtime="20210506 14:09:30.730"/>
</kw>
<kw name="Close Browser" library="SeleniumLibrary">
<doc>Closes the current browser.</doc>
<status status="PASS" starttime="20210506 14:09:30.730" endtime="20210506 14:09:33.401"/>
</kw>
<status status="PASS" starttime="20210506 14:09:29.611" endtime="20210506 14:09:33.401"/>
</kw>
<tag>regression</tag>
<status status="PASS" starttime="20210506 14:08:57.959" endtime="20210506 14:09:33.401"/>
</test>
<kw name="Exit Application" library="hooks" type="TEARDOWN">
<kw name="Capture Page Screenshot" library="SeleniumLibrary">
<doc>Takes a screenshot of the current page and embeds it into a log file.</doc>
<msg timestamp="20210506 14:09:33.403" level="INFO">Cannot capture screenshot because no browser is open.</msg>
<status status="PASS" starttime="20210506 14:09:33.403" endtime="20210506 14:09:33.403"/>
</kw>
<kw name="Close Browser" library="SeleniumLibrary">
<doc>Closes the current browser.</doc>
<status status="PASS" starttime="20210506 14:09:33.403" endtime="20210506 14:09:33.403"/>
</kw>
<status status="PASS" starttime="20210506 14:09:33.403" endtime="20210506 14:09:33.403"/>
</kw>
<doc>An example test case.</doc>
<status status="PASS" starttime="20210506 14:08:57.668" endtime="20210506 14:09:33.404"/>
</suite>
<statistics>
<total>
<stat pass="1" fail="0" skip="0">All Tests</stat>
</total>
<tag>
<stat pass="1" fail="0" skip="0">regression</stat>
</tag>
<suite>
<stat pass="1" fail="0" skip="0" id="s1" name="Sample-Web-Test">Sample-Web-Test</stat>
</suite>
</statistics>
<errors>
<msg timestamp="20210506 14:08:57.953" level="WARN">Imported resource file 'C:\Users\antwan.maddox\source\Frameworks\boilerplate-robotframework\scripts\PageObjects\Common\CommonPage.robot' is empty.</msg>
</errors>
</robot>
